<?xml version="1.0" encoding="UTF-8"?>
<!-- Generated by org.testng.reporters.JUnitXMLReporter -->
<testsuite ignored="0" hostname="DESKTOP-7TFCRO8" failures="0" tests="4" name="Regression" time="37.06" errors="0" timestamp="2022-05-10T19:49:49 EDT">
  <testcase classname="piit.AutomationTrainingProgram.Execution" name="Test2" time="0.009"/>
  <testcase classname="piit.AutomationTrainingProgram.Execution" name="f" time="0.003"/>
  <testcase classname="piit.AutomationTrainingProgram.Signout" name="f" time="20.572"/>
  <testcase classname="piit.AutomationTrainingProgram.Signout" name="TextVerificationMethod" time="6.684"/>
</testsuite> <!-- Regression -->
