<?xml version="1.0" encoding="UTF-8"?>
<testng-results ignored="0" total="4" passed="4" failed="0" skipped="0">
  <reporter-output>
  </reporter-output>
  <suite started-at="2022-05-10T19:49:12 EDT" name="Adhoc" finished-at="2022-05-10T19:49:49 EDT" duration-ms="37060">
    <groups>
    </groups>
    <test started-at="2022-05-10T19:49:12 EDT" name="Regression" finished-at="2022-05-10T19:49:49 EDT" duration-ms="37060">
      <class name="piit.AutomationTrainingProgram.Signout">
        <test-method is-config="true" signature="beforeClass()[pri:0, instance:piit.AutomationTrainingProgram.Signout@1b2abca6]" started-at="2022-05-10T19:49:16 EDT" name="beforeClass" finished-at="2022-05-10T19:49:21 EDT" duration-ms="4335" status="PASS">
          <reporter-output>
          </reporter-output>
        </test-method> <!-- beforeClass -->
        <test-method signature="f()[pri:1, instance:piit.AutomationTrainingProgram.Signout@1b2abca6]" started-at="2022-05-10T19:49:21 EDT" name="f" finished-at="2022-05-10T19:49:41 EDT" duration-ms="20572" status="PASS">
          <reporter-output>
          </reporter-output>
        </test-method> <!-- f -->
        <test-method signature="TextVerificationMethod()[pri:2, instance:piit.AutomationTrainingProgram.Signout@1b2abca6]" started-at="2022-05-10T19:49:41 EDT" name="TextVerificationMethod" finished-at="2022-05-10T19:49:48 EDT" depends-on-methods="piit.AutomationTrainingProgram.Signout.f" duration-ms="6684" status="PASS">
          <reporter-output>
          </reporter-output>
        </test-method> <!-- TextVerificationMethod -->
        <test-method is-config="true" signature="afterClass()[pri:0, instance:piit.AutomationTrainingProgram.Signout@1b2abca6]" started-at="2022-05-10T19:49:48 EDT" name="afterClass" finished-at="2022-05-10T19:49:49 EDT" duration-ms="840" status="PASS">
          <reporter-output>
          </reporter-output>
        </test-method> <!-- afterClass -->
      </class> <!-- piit.AutomationTrainingProgram.Signout -->
      <class name="piit.AutomationTrainingProgram.Execution">
        <test-method is-config="true" signature="beforeSuite()[pri:0, instance:piit.AutomationTrainingProgram.Execution@58d75e99]" started-at="2022-05-10T19:49:12 EDT" name="beforeSuite" finished-at="2022-05-10T19:49:12 EDT" duration-ms="6" status="PASS">
          <reporter-output>
          </reporter-output>
        </test-method> <!-- beforeSuite -->
        <test-method is-config="true" signature="beforeTest()[pri:0, instance:piit.AutomationTrainingProgram.Execution@58d75e99]" started-at="2022-05-10T19:49:12 EDT" name="beforeTest" finished-at="2022-05-10T19:49:12 EDT" duration-ms="1" status="PASS">
          <reporter-output>
          </reporter-output>
        </test-method> <!-- beforeTest -->
        <test-method is-config="true" signature="beforeClass()[pri:0, instance:piit.AutomationTrainingProgram.Execution@58d75e99]" started-at="2022-05-10T19:49:12 EDT" name="beforeClass" finished-at="2022-05-10T19:49:16 EDT" duration-ms="4551" status="PASS">
          <reporter-output>
          </reporter-output>
        </test-method> <!-- beforeClass -->
        <test-method is-config="true" signature="beforeMethod()[pri:0, instance:piit.AutomationTrainingProgram.Execution@58d75e99]" started-at="2022-05-10T19:49:16 EDT" name="beforeMethod" finished-at="2022-05-10T19:49:16 EDT" duration-ms="0" status="PASS">
          <reporter-output>
          </reporter-output>
        </test-method> <!-- beforeMethod -->
        <test-method signature="Test2()[pri:0, instance:piit.AutomationTrainingProgram.Execution@58d75e99]" started-at="2022-05-10T19:49:16 EDT" name="Test2" finished-at="2022-05-10T19:49:16 EDT" duration-ms="9" status="PASS">
          <reporter-output>
          </reporter-output>
        </test-method> <!-- Test2 -->
        <test-method is-config="true" signature="afterMethod()[pri:0, instance:piit.AutomationTrainingProgram.Execution@58d75e99]" started-at="2022-05-10T19:49:16 EDT" name="afterMethod" finished-at="2022-05-10T19:49:16 EDT" duration-ms="1" status="PASS">
          <reporter-output>
          </reporter-output>
        </test-method> <!-- afterMethod -->
        <test-method is-config="true" signature="beforeMethod()[pri:0, instance:piit.AutomationTrainingProgram.Execution@58d75e99]" started-at="2022-05-10T19:49:16 EDT" name="beforeMethod" finished-at="2022-05-10T19:49:16 EDT" duration-ms="0" status="PASS">
          <reporter-output>
          </reporter-output>
        </test-method> <!-- beforeMethod -->
        <test-method signature="f()[pri:0, instance:piit.AutomationTrainingProgram.Execution@58d75e99]" started-at="2022-05-10T19:49:16 EDT" name="f" finished-at="2022-05-10T19:49:16 EDT" duration-ms="3" status="PASS">
          <reporter-output>
          </reporter-output>
        </test-method> <!-- f -->
        <test-method is-config="true" signature="afterMethod()[pri:0, instance:piit.AutomationTrainingProgram.Execution@58d75e99]" started-at="2022-05-10T19:49:16 EDT" name="afterMethod" finished-at="2022-05-10T19:49:16 EDT" duration-ms="0" status="PASS">
          <reporter-output>
          </reporter-output>
        </test-method> <!-- afterMethod -->
        <test-method is-config="true" signature="afterClass()[pri:0, instance:piit.AutomationTrainingProgram.Execution@58d75e99]" started-at="2022-05-10T19:49:16 EDT" name="afterClass" finished-at="2022-05-10T19:49:16 EDT" duration-ms="1" status="PASS">
          <reporter-output>
          </reporter-output>
        </test-method> <!-- afterClass -->
        <test-method is-config="true" signature="afterTest()[pri:0, instance:piit.AutomationTrainingProgram.Execution@58d75e99]" started-at="2022-05-10T19:49:49 EDT" name="afterTest" finished-at="2022-05-10T19:49:49 EDT" duration-ms="0" status="PASS">
          <reporter-output>
          </reporter-output>
        </test-method> <!-- afterTest -->
        <test-method is-config="true" signature="afterSuite()[pri:0, instance:piit.AutomationTrainingProgram.Execution@58d75e99]" started-at="2022-05-10T19:49:49 EDT" name="afterSuite" finished-at="2022-05-10T19:49:49 EDT" duration-ms="0" status="PASS">
          <reporter-output>
          </reporter-output>
        </test-method> <!-- afterSuite -->
      </class> <!-- piit.AutomationTrainingProgram.Execution -->
    </test> <!-- Regression -->
  </suite> <!-- Adhoc -->
</testng-results>
